#
# There is insufficient memory for the Java Runtime Environment to continue.
# Native memory allocation (mmap) failed to map 212860928 bytes for Failed to commit area from 0x000000008f300000 to 0x000000009be00000 of length 212860928.
# Possible reasons:
#   The system is out of physical RAM or swap space
#   The process is running with CompressedOops enabled, and the Java Heap may be blocking the growth of the native heap
# Possible solutions:
#   Reduce memory load on the system
#   Increase physical memory or swap space
#   Check if swap backing store is full
#   Decrease Java heap size (-Xmx/-Xms)
#   Decrease number of Java threads
#   Decrease Java thread stack sizes (-Xss)
#   Set larger code cache with -XX:ReservedCodeCacheSize=
#   JVM is running with Unscaled Compressed Oops mode in which the Java heap is
#     placed in the first 4GB address space. The Java Heap base address is the
#     maximum limit for the native heap growth. Please use -XX:HeapBaseMinAddress
#     to set the Java Heap base and to place the Java Heap above 4GB virtual address.
# This output file may be truncated or incomplete.
#
#  Out of Memory Error (t:/workspace/open/src/hotspot/os/windows/os_windows.cpp:3254), pid=3320, tid=14732
#
# JRE version: Java(TM) SE Runtime Environment (12.0+33) (build 12+33)
# Java VM: Java HotSpot(TM) 64-Bit Server VM (12+33, mixed mode, sharing, tiered, compressed oops, g1 gc, windows-amd64)
# No core dump will be written. Minidumps are not enabled by default on client versions of Windows
#

---------------  S U M M A R Y ------------

Command Line: -Dclassworlds.conf=C:\apache-maven-3.6.0\bin\..\bin\m2.conf -Dmaven.home=C:\apache-maven-3.6.0\bin\.. -Dlibrary.jansi.path=C:\apache-maven-3.6.0\bin\..\lib\jansi-native -Dmaven.multiModuleProjectDirectory=C:\Users\FaithJeanLacao\Documents\spring-petclinic-master org.codehaus.plexus.classworlds.launcher.Launcher spring-boot:run

Host: Intel(R) Core(TM) i5-7300U CPU @ 2.60GHz, 4 cores, 7G,  Windows 10 , 64 bit Build 17763 (10.0.17763.379)
Time: Wed Mar 27 09:27:55 2019 Malay Peninsula Standard Time elapsed time: 89 seconds (0d 0h 1m 29s)

---------------  T H R E A D  ---------------

Current thread (0x000001ce78ff5000):  VMThread "VM Thread" [stack: 0x00000059f2500000,0x00000059f2600000] [id=14732]

Stack: [0x00000059f2500000,0x00000059f2600000]
[error occurred during error reporting (printing stack bounds), id 0xc0000005, EXCEPTION_ACCESS_VIOLATION (0xc0000005) at pc=0x000001ce00000bad]

Native frames: (J=compiled Java code, j=interpreted, Vv=VM code, C=native code)
V  [jvm.dll+0x63948a]
V  [jvm.dll+0x78b31f]
V  [jvm.dll+0x78c9c1]
V  [jvm.dll+0x78cf75]
V  [jvm.dll+0x78cf2b]
V  [jvm.dll+0x638b84]
V  [jvm.dll+0x638f58]
C  [ntdll.dll+0xa468f]
C  [ntdll.dll+0x4bef]
C  [ntdll.dll+0xa33fe]
C  0x000001ce00000bad

VM_Operation (0x00000059f1ff9ef0): G1CollectForAllocation, mode: safepoint, requested by thread 0x000001ce67d3b800


---------------  P R O C E S S  ---------------

Threads class SMR info:
_java_thread_list=0x000001ce0f615730, length=11, elements={
0x000001ce67d3b800, 0x000001ce78ff8800, 0x000001ce78ff9800, 0x000001ce79012800,
0x000001ce79014800, 0x000001ce79018800, 0x000001ce7901b800, 0x000001ce7901d800,
0x000001ce79a7a000, 0x000001ce79a95800, 0x000001ce0f5c0000
}

Java Threads: ( => current thread )
  0x000001ce67d3b800 JavaThread "main" [_thread_blocked, id=14324, stack(0x00000059f1f00000,0x00000059f2000000)]
  0x000001ce78ff8800 JavaThread "Reference Handler" daemon [_thread_blocked, id=24836, stack(0x00000059f2600000,0x00000059f2700000)]
  0x000001ce78ff9800 JavaThread "Finalizer" daemon [_thread_blocked, id=25032, stack(0x00000059f2700000,0x00000059f2800000)]
  0x000001ce79012800 JavaThread "Signal Dispatcher" daemon [_thread_blocked, id=17928, stack(0x00000059f2800000,0x00000059f2900000)]
  0x000001ce79014800 JavaThread "Attach Listener" daemon [_thread_blocked, id=26168, stack(0x00000059f2900000,0x00000059f2a00000)]
  0x000001ce79018800 JavaThread "C2 CompilerThread0" daemon [_thread_in_native, id=21180, stack(0x00000059f2a00000,0x00000059f2b00000)]
  0x000001ce7901b800 JavaThread "C1 CompilerThread0" daemon [_thread_blocked, id=24112, stack(0x00000059f2b00000,0x00000059f2c00000)]
  0x000001ce7901d800 JavaThread "Sweeper thread" daemon [_thread_blocked, id=18984, stack(0x00000059f2c00000,0x00000059f2d00000)]
  0x000001ce79a7a000 JavaThread "Service Thread" daemon [_thread_blocked, id=23748, stack(0x00000059f2d00000,0x00000059f2e00000)]
  0x000001ce79a95800 JavaThread "Common-Cleaner" daemon [_thread_blocked, id=5952, stack(0x00000059f2f00000,0x00000059f3000000)]
  0x000001ce0f5c0000 JavaThread "C2 CompilerThread1" daemon [_thread_in_native, id=15372, stack(0x00000059f1c00000,0x00000059f1d00000)]

Other Threads:
=>0x000001ce78ff5000 VMThread "VM Thread" [stack: 0x00000059f2500000,0x00000059f2600000] [id=14732]
  0x000001ce79a7c000 WatcherThread [stack: 0x00000059f2e00000,0x00000059f2f00000] [id=3028]
  0x000001ce67d78800 GCTaskThread "GC Thread#0" [stack: 0x00000059f2000000,0x00000059f2100000] [id=18360]
  0x000001ce7a48d800 GCTaskThread "GC Thread#1" [stack: 0x00000059f3000000,0x00000059f3100000] [id=25492]
  0x000001ce7a433800 GCTaskThread "GC Thread#2" [stack: 0x00000059f3100000,0x00000059f3200000] [id=16996]
  0x000001ce10b09800 GCTaskThread "GC Thread#3" [stack: 0x00000059f1d00000,0x00000059f1e00000] [id=4496]
  0x000001ce67d86000 ConcurrentGCThread "G1 Main Marker" [stack: 0x00000059f2100000,0x00000059f2200000] [id=24764]
  0x000001ce67d89800 ConcurrentGCThread "G1 Conc#0" [stack: 0x00000059f2200000,0x00000059f2300000] [id=25312]
  0x000001ce78e70800 ConcurrentGCThread "G1 Refine#0" [stack: 0x00000059f2300000,0x00000059f2400000] [id=24348]
  0x000001ce7c7a7800 ConcurrentGCThread "G1 Refine#1" [stack: 0x00000059f3300000,0x00000059f3400000] [id=17944]
  0x000001ce78e71800 ConcurrentGCThread "G1 Young RemSet Sampling" [stack: 0x00000059f2400000,0x00000059f2500000] [id=21272]

Threads with active compile tasks:
C2 CompilerThread0  8386   !   4       com.github.sommeri.less4j.core.parser.LessParser::term (2522 bytes)
C2 CompilerThread1  8384   !   4       com.github.sommeri.less4j.core.parser.LessParser::mathExprHighPriorNoWhitespaceList (2397 bytes)

VM state:at safepoint (normal execution)

VM Mutex/Monitor currently owned by a thread:  ([mutex/lock_event])
[0x000001ce67d365d0] Threads_lock - owner thread: 0x000001ce78ff5000
[0x000001ce67d36660] Heap_lock - owner thread: 0x000001ce67d3b800

Heap address: 0x0000000082800000, size: 2008 MB, Compressed Oops mode: 32-bit
Narrow klass base: 0x0000000800000000, Narrow klass shift: 3
Compressed class space size: 1073741824 Address: 0x00000008011a0000

Heap:
 garbage-first heap   total 415744K, used 110171K [0x0000000082800000, 0x0000000100000000)
  region size 1024K, 6 young (6144K), 6 survivors (6144K)
 Metaspace       used 38701K, capacity 39385K, committed 39680K, reserved 1083392K
  class space    used 4571K, capacity 4822K, committed 4864K, reserved 1048576K
Heap Regions: E=young(eden), S=young(survivor), O=old, HS=humongous(starts), HC=humongous(continues), CS=collection set, F=free, A=archive, TAMS=top-at-mark-start (previous, next)
|   0|0x0000000082800000, 0x0000000082900000, 0x0000000082900000|100%| O|  |TAMS 0x0000000082900000, 0x0000000082900000| Untracked 
|   1|0x0000000082900000, 0x0000000082a00000, 0x0000000082a00000|100%| O|  |TAMS 0x0000000082a00000, 0x0000000082a00000| Untracked 
|   2|0x0000000082a00000, 0x0000000082b00000, 0x0000000082b00000|100%| O|  |TAMS 0x0000000082b00000, 0x0000000082b00000| Untracked 
|   3|0x0000000082b00000, 0x0000000082c00000, 0x0000000082c00000|100%| O|  |TAMS 0x0000000082c00000, 0x0000000082c00000| Untracked 
|   4|0x0000000082c00000, 0x0000000082d00000, 0x0000000082d00000|100%| O|  |TAMS 0x0000000082d00000, 0x0000000082d00000| Untracked 
|   5|0x0000000082d00000, 0x0000000082e00000, 0x0000000082e00000|100%| O|  |TAMS 0x0000000082e00000, 0x0000000082e00000| Untracked 
|   6|0x0000000082e00000, 0x0000000082f00000, 0x0000000082f00000|100%| O|  |TAMS 0x0000000082f00000, 0x0000000082f00000| Untracked 
|   7|0x0000000082f00000, 0x0000000083000000, 0x0000000083000000|100%| O|  |TAMS 0x0000000083000000, 0x0000000083000000| Untracked 
|   8|0x0000000083000000, 0x0000000083100000, 0x0000000083100000|100%| O|  |TAMS 0x0000000083100000, 0x0000000083100000| Untracked 
|   9|0x0000000083100000, 0x0000000083200000, 0x0000000083200000|100%| O|  |TAMS 0x0000000083200000, 0x0000000083200000| Untracked 
|  10|0x0000000083200000, 0x0000000083300000, 0x0000000083300000|100%| O|  |TAMS 0x0000000083300000, 0x0000000083300000| Untracked 
|  11|0x0000000083300000, 0x0000000083400000, 0x0000000083400000|100%| O|  |TAMS 0x0000000083400000, 0x0000000083400000| Untracked 
|  12|0x0000000083400000, 0x0000000083500000, 0x0000000083500000|100%| O|  |TAMS 0x0000000083500000, 0x0000000083500000| Untracked 
|  13|0x0000000083500000, 0x0000000083600000, 0x0000000083600000|100%| O|  |TAMS 0x0000000083600000, 0x0000000083600000| Untracked 
|  14|0x0000000083600000, 0x0000000083700000, 0x0000000083700000|100%| O|  |TAMS 0x0000000083700000, 0x0000000083700000| Untracked 
|  15|0x0000000083700000, 0x0000000083800000, 0x0000000083800000|100%| O|  |TAMS 0x0000000083800000, 0x0000000083800000| Untracked 
|  16|0x0000000083800000, 0x0000000083900000, 0x0000000083900000|100%| O|  |TAMS 0x0000000083900000, 0x0000000083900000| Untracked 
|  17|0x0000000083900000, 0x0000000083a00000, 0x0000000083a00000|100%| O|  |TAMS 0x0000000083a00000, 0x0000000083a00000| Untracked 
|  18|0x0000000083a00000, 0x0000000083b00000, 0x0000000083b00000|100%| O|  |TAMS 0x0000000083b00000, 0x0000000083b00000| Untracked 
|  19|0x0000000083b00000, 0x0000000083c00000, 0x0000000083c00000|100%| O|  |TAMS 0x0000000083c00000, 0x0000000083c00000| Untracked 
|  20|0x0000000083c00000, 0x0000000083d00000, 0x0000000083d00000|100%| O|  |TAMS 0x0000000083d00000, 0x0000000083d00000| Untracked 
|  21|0x0000000083d00000, 0x0000000083e00000, 0x0000000083e00000|100%| O|  |TAMS 0x0000000083e00000, 0x0000000083e00000| Untracked 
|  22|0x0000000083e00000, 0x0000000083f00000, 0x0000000083f00000|100%| O|  |TAMS 0x0000000083f00000, 0x0000000083f00000| Untracked 
|  23|0x0000000083f00000, 0x0000000084000000, 0x0000000084000000|100%| O|  |TAMS 0x0000000084000000, 0x0000000084000000| Untracked 
|  24|0x0000000084000000, 0x0000000084100000, 0x0000000084100000|100%| O|  |TAMS 0x0000000084100000, 0x0000000084100000| Untracked 
|  25|0x0000000084100000, 0x0000000084200000, 0x0000000084200000|100%| O|  |TAMS 0x0000000084200000, 0x0000000084200000| Untracked 
|  26|0x0000000084200000, 0x0000000084300000, 0x0000000084300000|100%| O|  |TAMS 0x0000000084300000, 0x0000000084300000| Untracked 
|  27|0x0000000084300000, 0x0000000084400000, 0x0000000084400000|100%| O|  |TAMS 0x0000000084400000, 0x0000000084400000| Untracked 
|  28|0x0000000084400000, 0x0000000084500000, 0x0000000084500000|100%| O|  |TAMS 0x0000000084500000, 0x0000000084500000| Untracked 
|  29|0x0000000084500000, 0x0000000084600000, 0x0000000084600000|100%| O|  |TAMS 0x0000000084600000, 0x0000000084600000| Untracked 
|  30|0x0000000084600000, 0x0000000084700000, 0x0000000084700000|100%| O|  |TAMS 0x0000000084700000, 0x0000000084700000| Untracked 
|  31|0x0000000084700000, 0x0000000084800000, 0x0000000084800000|100%| O|  |TAMS 0x0000000084800000, 0x0000000084800000| Untracked 
|  32|0x0000000084800000, 0x0000000084900000, 0x0000000084900000|100%| O|  |TAMS 0x0000000084900000, 0x0000000084900000| Untracked 
|  33|0x0000000084900000, 0x0000000084a00000, 0x0000000084a00000|100%|HS|  |TAMS 0x0000000084a00000, 0x0000000084a00000| Complete 
|  34|0x0000000084a00000, 0x0000000084b00000, 0x0000000084b00000|100%|HS|  |TAMS 0x0000000084b00000, 0x0000000084b00000| Complete 
|  35|0x0000000084b00000, 0x0000000084c00000, 0x0000000084c00000|100%| O|  |TAMS 0x0000000084c00000, 0x0000000084c00000| Untracked 
|  36|0x0000000084c00000, 0x0000000084d00000, 0x0000000084d00000|100%| O|  |TAMS 0x0000000084d00000, 0x0000000084d00000| Untracked 
|  37|0x0000000084d00000, 0x0000000084e00000, 0x0000000084e00000|100%| O|  |TAMS 0x0000000084e00000, 0x0000000084e00000| Untracked 
|  38|0x0000000084e00000, 0x0000000084f00000, 0x0000000084f00000|100%| O|  |TAMS 0x0000000084f00000, 0x0000000084f00000| Untracked 
|  39|0x0000000084f00000, 0x0000000085000000, 0x0000000085000000|100%| O|  |TAMS 0x0000000085000000, 0x0000000085000000| Untracked 
|  40|0x0000000085000000, 0x0000000085100000, 0x0000000085100000|100%| O|  |TAMS 0x0000000085100000, 0x0000000085100000| Untracked 
|  41|0x0000000085100000, 0x0000000085200000, 0x0000000085200000|100%| O|  |TAMS 0x0000000085200000, 0x0000000085200000| Untracked 
|  42|0x0000000085200000, 0x0000000085300000, 0x0000000085300000|100%| O|  |TAMS 0x0000000085300000, 0x0000000085300000| Untracked 
|  43|0x0000000085300000, 0x0000000085400000, 0x0000000085400000|100%| O|  |TAMS 0x0000000085400000, 0x0000000085400000| Untracked 
|  44|0x0000000085400000, 0x0000000085500000, 0x0000000085500000|100%| O|  |TAMS 0x0000000085500000, 0x0000000085500000| Untracked 
|  45|0x0000000085500000, 0x0000000085600000, 0x0000000085600000|100%| O|  |TAMS 0x0000000085600000, 0x0000000085600000| Untracked 
|  46|0x0000000085600000, 0x0000000085700000, 0x0000000085700000|100%| O|  |TAMS 0x0000000085700000, 0x0000000085700000| Untracked 
|  47|0x0000000085700000, 0x0000000085800000, 0x0000000085800000|100%| O|  |TAMS 0x0000000085800000, 0x0000000085800000| Untracked 
|  48|0x0000000085800000, 0x0000000085900000, 0x0000000085900000|100%| O|  |TAMS 0x0000000085900000, 0x0000000085900000| Untracked 
|  49|0x0000000085900000, 0x0000000085a00000, 0x0000000085a00000|100%| O|  |TAMS 0x0000000085a00000, 0x0000000085a00000| Untracked 
|  50|0x0000000085a00000, 0x0000000085b00000, 0x0000000085b00000|100%| O|  |TAMS 0x0000000085b00000, 0x0000000085b00000| Untracked 
|  51|0x0000000085b00000, 0x0000000085c00000, 0x0000000085c00000|100%| O|  |TAMS 0x0000000085c00000, 0x0000000085c00000| Untracked 
|  52|0x0000000085c00000, 0x0000000085d00000, 0x0000000085d00000|100%| O|  |TAMS 0x0000000085d00000, 0x0000000085d00000| Untracked 
|  53|0x0000000085d00000, 0x0000000085dffff8, 0x0000000085e00000| 99%| O|  |TAMS 0x0000000085dffff8, 0x0000000085dffff8| Untracked 
|  54|0x0000000085e00000, 0x0000000085f00000, 0x0000000085f00000|100%| O|  |TAMS 0x0000000085f00000, 0x0000000085f00000| Untracked 
|  55|0x0000000085f00000, 0x0000000086000000, 0x0000000086000000|100%| O|  |TAMS 0x0000000086000000, 0x0000000086000000| Untracked 
|  56|0x0000000086000000, 0x0000000086100000, 0x0000000086100000|100%| O|  |TAMS 0x0000000086100000, 0x0000000086100000| Untracked 
|  57|0x0000000086100000, 0x0000000086200000, 0x0000000086200000|100%| O|  |TAMS 0x0000000086200000, 0x0000000086200000| Untracked 
|  58|0x0000000086200000, 0x0000000086300000, 0x0000000086300000|100%| O|  |TAMS 0x0000000086300000, 0x0000000086300000| Untracked 
|  59|0x0000000086300000, 0x0000000086400000, 0x0000000086400000|100%| O|  |TAMS 0x0000000086400000, 0x0000000086400000| Untracked 
|  60|0x0000000086400000, 0x0000000086500000, 0x0000000086500000|100%| O|  |TAMS 0x0000000086500000, 0x0000000086500000| Untracked 
|  61|0x0000000086500000, 0x0000000086600000, 0x0000000086600000|100%| O|  |TAMS 0x0000000086600000, 0x0000000086600000| Untracked 
|  62|0x0000000086600000, 0x0000000086700000, 0x0000000086700000|100%| O|  |TAMS 0x0000000086700000, 0x0000000086700000| Untracked 
|  63|0x0000000086700000, 0x0000000086800000, 0x0000000086800000|100%| O|  |TAMS 0x0000000086800000, 0x0000000086800000| Untracked 
|  64|0x0000000086800000, 0x0000000086900000, 0x0000000086900000|100%| O|  |TAMS 0x0000000086900000, 0x0000000086900000| Untracked 
|  65|0x0000000086900000, 0x0000000086a00000, 0x0000000086a00000|100%| O|  |TAMS 0x0000000086a00000, 0x0000000086a00000| Untracked 
|  66|0x0000000086a00000, 0x0000000086b00000, 0x0000000086b00000|100%| O|  |TAMS 0x0000000086b00000, 0x0000000086b00000| Untracked 
|  67|0x0000000086b00000, 0x0000000086c00000, 0x0000000086c00000|100%| O|  |TAMS 0x0000000086c00000, 0x0000000086c00000| Untracked 
|  68|0x0000000086c00000, 0x0000000086d00000, 0x0000000086d00000|100%| O|  |TAMS 0x0000000086d00000, 0x0000000086d00000| Untracked 
|  69|0x0000000086d00000, 0x0000000086e00000, 0x0000000086e00000|100%| O|  |TAMS 0x0000000086e00000, 0x0000000086e00000| Untracked 
|  70|0x0000000086e00000, 0x0000000086f00000, 0x0000000086f00000|100%| O|  |TAMS 0x0000000086f00000, 0x0000000086f00000| Untracked 
|  71|0x0000000086f00000, 0x0000000087000000, 0x0000000087000000|100%| O|  |TAMS 0x0000000087000000, 0x0000000087000000| Untracked 
|  72|0x0000000087000000, 0x0000000087100000, 0x0000000087100000|100%| O|  |TAMS 0x0000000087100000, 0x0000000087100000| Untracked 
|  73|0x0000000087100000, 0x0000000087200000, 0x0000000087200000|100%| O|  |TAMS 0x0000000087200000, 0x0000000087200000| Untracked 
|  74|0x0000000087200000, 0x0000000087300000, 0x0000000087300000|100%| O|  |TAMS 0x0000000087300000, 0x0000000087300000| Untracked 
|  75|0x0000000087300000, 0x0000000087400000, 0x0000000087400000|100%| O|  |TAMS 0x0000000087400000, 0x0000000087400000| Untracked 
|  76|0x0000000087400000, 0x0000000087500000, 0x0000000087500000|100%| O|  |TAMS 0x0000000087500000, 0x0000000087500000| Untracked 
|  77|0x0000000087500000, 0x0000000087600000, 0x0000000087600000|100%| O|  |TAMS 0x0000000087600000, 0x0000000087600000| Untracked 
|  78|0x0000000087600000, 0x0000000087700000, 0x0000000087700000|100%| O|  |TAMS 0x0000000087700000, 0x0000000087700000| Untracked 
|  79|0x0000000087700000, 0x0000000087800000, 0x0000000087800000|100%| O|  |TAMS 0x0000000087800000, 0x0000000087800000| Untracked 
|  80|0x0000000087800000, 0x0000000087900000, 0x0000000087900000|100%| O|  |TAMS 0x0000000087900000, 0x0000000087900000| Untracked 
|  81|0x0000000087900000, 0x0000000087a00000, 0x0000000087a00000|100%| O|  |TAMS 0x0000000087a00000, 0x0000000087a00000| Untracked 
|  82|0x0000000087a00000, 0x0000000087b00000, 0x0000000087b00000|100%| O|  |TAMS 0x0000000087b00000, 0x0000000087b00000| Untracked 
|  83|0x0000000087b00000, 0x0000000087c00000, 0x0000000087c00000|100%| O|  |TAMS 0x0000000087c00000, 0x0000000087c00000| Untracked 
|  84|0x0000000087c00000, 0x0000000087d00000, 0x0000000087d00000|100%| O|  |TAMS 0x0000000087d00000, 0x0000000087d00000| Untracked 
|  85|0x0000000087d00000, 0x0000000087e00000, 0x0000000087e00000|100%| O|  |TAMS 0x0000000087e00000, 0x0000000087e00000| Untracked 
|  86|0x0000000087e00000, 0x0000000087f00000, 0x0000000087f00000|100%| O|  |TAMS 0x0000000087f00000, 0x0000000087f00000| Untracked 
|  87|0x0000000087f00000, 0x0000000088000000, 0x0000000088000000|100%| O|  |TAMS 0x0000000088000000, 0x0000000088000000| Untracked 
|  88|0x0000000088000000, 0x0000000088100000, 0x0000000088100000|100%| O|  |TAMS 0x0000000088100000, 0x0000000088100000| Untracked 
|  89|0x0000000088100000, 0x0000000088200000, 0x0000000088200000|100%| O|  |TAMS 0x0000000088200000, 0x0000000088200000| Untracked 
|  90|0x0000000088200000, 0x0000000088300000, 0x0000000088300000|100%| O|  |TAMS 0x0000000088300000, 0x0000000088300000| Untracked 
|  91|0x0000000088300000, 0x0000000088400000, 0x0000000088400000|100%| O|  |TAMS 0x0000000088400000, 0x0000000088400000| Untracked 
|  92|0x0000000088400000, 0x0000000088500000, 0x0000000088500000|100%| O|  |TAMS 0x00000000884ec600, 0x0000000088500000| Untracked 
|  93|0x0000000088500000, 0x0000000088600000, 0x0000000088600000|100%| O|  |TAMS 0x0000000088500000, 0x0000000088600000| Untracked 
|  94|0x0000000088600000, 0x0000000088700000, 0x0000000088700000|100%| O|  |TAMS 0x0000000088600000, 0x0000000088700000| Untracked 
|  95|0x0000000088700000, 0x0000000088800000, 0x0000000088800000|100%| O|  |TAMS 0x0000000088700000, 0x0000000088800000| Untracked 
|  96|0x0000000088800000, 0x0000000088900000, 0x0000000088900000|100%| O|  |TAMS 0x0000000088800000, 0x0000000088900000| Untracked 
|  97|0x0000000088900000, 0x0000000088a00000, 0x0000000088a00000|100%| O|  |TAMS 0x0000000088900000, 0x0000000088a00000| Untracked 
|  98|0x0000000088a00000, 0x0000000088b00000, 0x0000000088b00000|100%| O|  |TAMS 0x0000000088a00000, 0x0000000088b00000| Untracked 
|  99|0x0000000088b00000, 0x0000000088c00000, 0x0000000088c00000|100%| O|  |TAMS 0x0000000088b00000, 0x0000000088c00000| Untracked 
| 100|0x0000000088c00000, 0x0000000088d00000, 0x0000000088d00000|100%| O|  |TAMS 0x0000000088c00000, 0x0000000088d00000| Untracked 
| 101|0x0000000088d00000, 0x0000000088dc0600, 0x0000000088e00000| 75%| O|  |TAMS 0x0000000088d00000, 0x0000000088dc0600| Untracked 
| 102|0x0000000088e00000, 0x0000000088e00000, 0x0000000088f00000|  0%| F|  |TAMS 0x0000000088e00000, 0x0000000088e00000| Untracked 
| 103|0x0000000088f00000, 0x0000000088f00000, 0x0000000089000000|  0%| F|  |TAMS 0x0000000088f00000, 0x0000000088f00000| Untracked 
| 104|0x0000000089000000, 0x0000000089000000, 0x0000000089100000|  0%| F|  |TAMS 0x0000000089000000, 0x0000000089000000| Untracked 
| 105|0x0000000089100000, 0x0000000089100000, 0x0000000089200000|  0%| F|  |TAMS 0x0000000089100000, 0x0000000089100000| Untracked 
| 106|0x0000000089200000, 0x0000000089200000, 0x0000000089300000|  0%| F|  |TAMS 0x0000000089200000, 0x0000000089200000| Untracked 
| 107|0x0000000089300000, 0x0000000089300000, 0x0000000089400000|  0%| F|  |TAMS 0x0000000089300000, 0x0000000089300000| Untracked 
| 108|0x0000000089400000, 0x0000000089400000, 0x0000000089500000|  0%| F|  |TAMS 0x0000000089400000, 0x0000000089400000| Untracked 
| 109|0x0000000089500000, 0x0000000089500000, 0x0000000089600000|  0%| F|  |TAMS 0x0000000089500000, 0x0000000089500000| Untracked 
| 110|0x0000000089600000, 0x0000000089600000, 0x0000000089700000|  0%| F|  |TAMS 0x0000000089600000, 0x0000000089600000| Untracked 
| 111|0x0000000089700000, 0x0000000089700000, 0x0000000089800000|  0%| F|  |TAMS 0x0000000089700000, 0x0000000089700000| Untracked 
| 112|0x0000000089800000, 0x0000000089800000, 0x0000000089900000|  0%| F|  |TAMS 0x0000000089800000, 0x0000000089800000| Untracked 
| 113|0x0000000089900000, 0x0000000089900000, 0x0000000089a00000|  0%| F|  |TAMS 0x0000000089900000, 0x0000000089900000| Untracked 
| 114|0x0000000089a00000, 0x0000000089a00000, 0x0000000089b00000|  0%| F|  |TAMS 0x0000000089a00000, 0x0000000089a00000| Untracked 
| 115|0x0000000089b00000, 0x0000000089b00000, 0x0000000089c00000|  0%| F|  |TAMS 0x0000000089b00000, 0x0000000089b00000| Untracked 
| 116|0x0000000089c00000, 0x0000000089c00000, 0x0000000089d00000|  0%| F|  |TAMS 0x0000000089c00000, 0x0000000089c00000| Untracked 
| 117|0x0000000089d00000, 0x0000000089d00000, 0x0000000089e00000|  0%| F|  |TAMS 0x0000000089d00000, 0x0000000089d00000| Untracked 
| 118|0x0000000089e00000, 0x0000000089e00000, 0x0000000089f00000|  0%| F|  |TAMS 0x0000000089e00000, 0x0000000089e00000| Untracked 
| 119|0x0000000089f00000, 0x0000000089f00000, 0x000000008a000000|  0%| F|  |TAMS 0x0000000089f00000, 0x0000000089f00000| Untracked 
| 120|0x000000008a000000, 0x000000008a000000, 0x000000008a100000|  0%| F|  |TAMS 0x000000008a000000, 0x000000008a000000| Untracked 
| 121|0x000000008a100000, 0x000000008a100000, 0x000000008a200000|  0%| F|  |TAMS 0x000000008a100000, 0x000000008a100000| Untracked 
| 122|0x000000008a200000, 0x000000008a200000, 0x000000008a300000|  0%| F|  |TAMS 0x000000008a200000, 0x000000008a200000| Untracked 
| 123|0x000000008a300000, 0x000000008a300000, 0x000000008a400000|  0%| F|  |TAMS 0x000000008a300000, 0x000000008a300000| Untracked 
| 124|0x000000008a400000, 0x000000008a400000, 0x000000008a500000|  0%| F|  |TAMS 0x000000008a400000, 0x000000008a400000| Untracked 
| 125|0x000000008a500000, 0x000000008a500000, 0x000000008a600000|  0%| F|  |TAMS 0x000000008a500000, 0x000000008a500000| Untracked 
| 126|0x000000008a600000, 0x000000008a600000, 0x000000008a700000|  0%| F|  |TAMS 0x000000008a600000, 0x000000008a600000| Untracked 
| 127|0x000000008a700000, 0x000000008a700000, 0x000000008a800000|  0%| F|  |TAMS 0x000000008a700000, 0x000000008a700000| Untracked 
| 128|0x000000008a800000, 0x000000008a800000, 0x000000008a900000|  0%| F|  |TAMS 0x000000008a800000, 0x000000008a800000| Untracked 
| 129|0x000000008a900000, 0x000000008a900000, 0x000000008aa00000|  0%| F|  |TAMS 0x000000008a900000, 0x000000008a900000| Untracked 
| 130|0x000000008aa00000, 0x000000008aa00000, 0x000000008ab00000|  0%| F|  |TAMS 0x000000008aa00000, 0x000000008aa00000| Untracked 
| 131|0x000000008ab00000, 0x000000008ab00000, 0x000000008ac00000|  0%| F|  |TAMS 0x000000008ab00000, 0x000000008ab00000| Untracked 
| 132|0x000000008ac00000, 0x000000008ac00000, 0x000000008ad00000|  0%| F|  |TAMS 0x000000008ac00000, 0x000000008ac00000| Untracked 
| 133|0x000000008ad00000, 0x000000008ad00000, 0x000000008ae00000|  0%| F|  |TAMS 0x000000008ad00000, 0x000000008ad00000| Untracked 
| 134|0x000000008ae00000, 0x000000008ae00000, 0x000000008af00000|  0%| F|  |TAMS 0x000000008ae00000, 0x000000008ae00000| Untracked 
| 135|0x000000008af00000, 0x000000008af00000, 0x000000008b000000|  0%| F|  |TAMS 0x000000008af00000, 0x000000008af00000| Untracked 
| 136|0x000000008b000000, 0x000000008b000000, 0x000000008b100000|  0%| F|  |TAMS 0x000000008b000000, 0x000000008b000000| Untracked 
| 137|0x000000008b100000, 0x000000008b100000, 0x000000008b200000|  0%| F|  |TAMS 0x000000008b100000, 0x000000008b100000| Untracked 
| 138|0x000000008b200000, 0x000000008b200000, 0x000000008b300000|  0%| F|  |TAMS 0x000000008b200000, 0x000000008b200000| Untracked 
| 139|0x000000008b300000, 0x000000008b300000, 0x000000008b400000|  0%| F|  |TAMS 0x000000008b300000, 0x000000008b300000| Untracked 
| 140|0x000000008b400000, 0x000000008b400000, 0x000000008b500000|  0%| F|  |TAMS 0x000000008b400000, 0x000000008b400000| Untracked 
| 141|0x000000008b500000, 0x000000008b500000, 0x000000008b600000|  0%| F|  |TAMS 0x000000008b500000, 0x000000008b500000| Untracked 
| 142|0x000000008b600000, 0x000000008b600000, 0x000000008b700000|  0%| F|  |TAMS 0x000000008b600000, 0x000000008b600000| Untracked 
| 143|0x000000008b700000, 0x000000008b700000, 0x000000008b800000|  0%| F|  |TAMS 0x000000008b700000, 0x000000008b700000| Untracked 
| 144|0x000000008b800000, 0x000000008b800000, 0x000000008b900000|  0%| F|  |TAMS 0x000000008b800000, 0x000000008b800000| Untracked 
| 145|0x000000008b900000, 0x000000008b900000, 0x000000008ba00000|  0%| F|  |TAMS 0x000000008b900000, 0x000000008b900000| Untracked 
| 146|0x000000008ba00000, 0x000000008ba00000, 0x000000008bb00000|  0%| F|  |TAMS 0x000000008ba00000, 0x000000008ba00000| Untracked 
| 147|0x000000008bb00000, 0x000000008bb00000, 0x000000008bc00000|  0%| F|  |TAMS 0x000000008bb00000, 0x000000008bb00000| Untracked 
| 148|0x000000008bc00000, 0x000000008bc00000, 0x000000008bd00000|  0%| F|  |TAMS 0x000000008bc00000, 0x000000008bc00000| Untracked 
| 149|0x000000008bd00000, 0x000000008bd00000, 0x000000008be00000|  0%| F|  |TAMS 0x000000008bd00000, 0x000000008bd00000| Untracked 
| 150|0x000000008be00000, 0x000000008be00000, 0x000000008bf00000|  0%| F|  |TAMS 0x000000008be00000, 0x000000008be00000| Untracked 
| 151|0x000000008bf00000, 0x000000008bfd6868, 0x000000008c000000| 83%| S|CS|TAMS 0x000000008bf00000, 0x000000008bf00000| Complete 
| 152|0x000000008c000000, 0x000000008c100000, 0x000000008c100000|100%| S|CS|TAMS 0x000000008c000000, 0x000000008c000000| Complete 
| 153|0x000000008c100000, 0x000000008c200000, 0x000000008c200000|100%| S|CS|TAMS 0x000000008c100000, 0x000000008c100000| Complete 
| 154|0x000000008c200000, 0x000000008c300000, 0x000000008c300000|100%| S|CS|TAMS 0x000000008c200000, 0x000000008c200000| Complete 
| 155|0x000000008c300000, 0x000000008c400000, 0x000000008c400000|100%| S|CS|TAMS 0x000000008c300000, 0x000000008c300000| Complete 
| 156|0x000000008c400000, 0x000000008c500000, 0x000000008c500000|100%| S|CS|TAMS 0x000000008c400000, 0x000000008c400000| Complete 
| 157|0x000000008c500000, 0x000000008c500000, 0x000000008c600000|  0%| F|  |TAMS 0x000000008c500000, 0x000000008c500000| Untracked 
| 158|0x000000008c600000, 0x000000008c600000, 0x000000008c700000|  0%| F|  |TAMS 0x000000008c600000, 0x000000008c600000| Untracked 
| 159|0x000000008c700000, 0x000000008c700000, 0x000000008c800000|  0%| F|  |TAMS 0x000000008c700000, 0x000000008c700000| Untracked 
| 160|0x000000008c800000, 0x000000008c800000, 0x000000008c900000|  0%| F|  |TAMS 0x000000008c800000, 0x000000008c800000| Untracked 
| 161|0x000000008c900000, 0x000000008c900000, 0x000000008ca00000|  0%| F|  |TAMS 0x000000008c900000, 0x000000008c900000| Untracked 
| 162|0x000000008ca00000, 0x000000008ca00000, 0x000000008cb00000|  0%| F|  |TAMS 0x000000008ca00000, 0x000000008ca00000| Untracked 
| 163|0x000000008cb00000, 0x000000008cb00000, 0x000000008cc00000|  0%| F|  |TAMS 0x000000008cb00000, 0x000000008cb00000| Untracked 
| 164|0x000000008cc00000, 0x000000008cc00000, 0x000000008cd00000|  0%| F|  |TAMS 0x000000008cc00000, 0x000000008cc00000| Untracked 
| 165|0x000000008cd00000, 0x000000008cd00000, 0x000000008ce00000|  0%| F|  |TAMS 0x000000008cd00000, 0x000000008cd00000| Untracked 
| 166|0x000000008ce00000, 0x000000008ce00000, 0x000000008cf00000|  0%| F|  |TAMS 0x000000008ce00000, 0x000000008ce00000| Untracked 
| 167|0x000000008cf00000, 0x000000008cf00000, 0x000000008d000000|  0%| F|  |TAMS 0x000000008cf00000, 0x000000008cf00000| Untracked 
| 168|0x000000008d000000, 0x000000008d000000, 0x000000008d100000|  0%| F|  |TAMS 0x000000008d000000, 0x000000008d000000| Untracked 
| 169|0x000000008d100000, 0x000000008d100000, 0x000000008d200000|  0%| F|  |TAMS 0x000000008d100000, 0x000000008d100000| Untracked 
| 170|0x000000008d200000, 0x000000008d200000, 0x000000008d300000|  0%| F|  |TAMS 0x000000008d200000, 0x000000008d200000| Untracked 
| 171|0x000000008d300000, 0x000000008d300000, 0x000000008d400000|  0%| F|  |TAMS 0x000000008d300000, 0x000000008d300000| Untracked 
| 172|0x000000008d400000, 0x000000008d400000, 0x000000008d500000|  0%| F|  |TAMS 0x000000008d400000, 0x000000008d400000| Untracked 
| 173|0x000000008d500000, 0x000000008d500000, 0x000000008d600000|  0%| F|  |TAMS 0x000000008d500000, 0x000000008d500000| Untracked 
| 174|0x000000008d600000, 0x000000008d600000, 0x000000008d700000|  0%| F|  |TAMS 0x000000008d600000, 0x000000008d600000| Untracked 
| 175|0x000000008d700000, 0x000000008d700000, 0x000000008d800000|  0%| F|  |TAMS 0x000000008d700000, 0x000000008d700000| Untracked 
| 176|0x000000008d800000, 0x000000008d800000, 0x000000008d900000|  0%| F|  |TAMS 0x000000008d800000, 0x000000008d800000| Untracked 
| 177|0x000000008d900000, 0x000000008d900000, 0x000000008da00000|  0%| F|  |TAMS 0x000000008d900000, 0x000000008d900000| Untracked 
| 178|0x000000008da00000, 0x000000008da00000, 0x000000008db00000|  0%| F|  |TAMS 0x000000008da00000, 0x000000008da00000| Untracked 
| 179|0x000000008db00000, 0x000000008db00000, 0x000000008dc00000|  0%| F|  |TAMS 0x000000008db00000, 0x000000008db00000| Untracked 
| 180|0x000000008dc00000, 0x000000008dc00000, 0x000000008dd00000|  0%| F|  |TAMS 0x000000008dc00000, 0x000000008dc00000| Untracked 
| 181|0x000000008dd00000, 0x000000008dd00000, 0x000000008de00000|  0%| F|  |TAMS 0x000000008dd00000, 0x000000008dd00000| Untracked 
| 182|0x000000008de00000, 0x000000008de00000, 0x000000008df00000|  0%| F|  |TAMS 0x000000008de00000, 0x000000008de00000| Untracked 
| 183|0x000000008df00000, 0x000000008df00000, 0x000000008e000000|  0%| F|  |TAMS 0x000000008df00000, 0x000000008df00000| Untracked 
| 184|0x000000008e000000, 0x000000008e000000, 0x000000008e100000|  0%| F|  |TAMS 0x000000008e000000, 0x000000008e000000| Untracked 
| 185|0x000000008e100000, 0x000000008e100000, 0x000000008e200000|  0%| F|  |TAMS 0x000000008e100000, 0x000000008e100000| Untracked 
| 186|0x000000008e200000, 0x000000008e200000, 0x000000008e300000|  0%| F|  |TAMS 0x000000008e200000, 0x000000008e200000| Untracked 
| 187|0x000000008e300000, 0x000000008e300000, 0x000000008e400000|  0%| F|  |TAMS 0x000000008e300000, 0x000000008e300000| Untracked 
| 188|0x000000008e400000, 0x000000008e400000, 0x000000008e500000|  0%| F|  |TAMS 0x000000008e400000, 0x000000008e400000| Untracked 
| 189|0x000000008e500000, 0x000000008e500000, 0x000000008e600000|  0%| F|  |TAMS 0x000000008e500000, 0x000000008e500000| Untracked 
| 190|0x000000008e600000, 0x000000008e600000, 0x000000008e700000|  0%| F|  |TAMS 0x000000008e600000, 0x000000008e600000| Untracked 
| 191|0x000000008e700000, 0x000000008e700000, 0x000000008e800000|  0%| F|  |TAMS 0x000000008e700000, 0x000000008e700000| Untracked 
| 192|0x000000008e800000, 0x000000008e800000, 0x000000008e900000|  0%| F|  |TAMS 0x000000008e800000, 0x000000008e800000| Untracked 
| 193|0x000000008e900000, 0x000000008e900000, 0x000000008ea00000|  0%| F|  |TAMS 0x000000008e900000, 0x000000008e900000| Untracked 
| 194|0x000000008ea00000, 0x000000008ea00000, 0x000000008eb00000|  0%| F|  |TAMS 0x000000008ea00000, 0x000000008ea00000| Untracked 
| 195|0x000000008eb00000, 0x000000008eb00000, 0x000000008ec00000|  0%| F|  |TAMS 0x000000008eb00000, 0x000000008eb00000| Untracked 
| 196|0x000000008ec00000, 0x000000008ec00000, 0x000000008ed00000|  0%| F|  |TAMS 0x000000008ec00000, 0x000000008ec00000| Untracked 
| 197|0x000000008ed00000, 0x000000008ed00000, 0x000000008ee00000|  0%| F|  |TAMS 0x000000008ed00000, 0x000000008ed00000| Untracked 
| 198|0x000000008ee00000, 0x000000008ee00000, 0x000000008ef00000|  0%| F|  |TAMS 0x000000008ee00000, 0x000000008ee00000| Untracked 
| 199|0x000000008ef00000, 0x000000008ef00000, 0x000000008f000000|  0%| F|  |TAMS 0x000000008ef00000, 0x000000008ef00000| Untracked 
| 200|0x000000008f000000, 0x000000008f000000, 0x000000008f100000|  0%| F|  |TAMS 0x000000008f000000, 0x000000008f000000| Untracked 
| 201|0x000000008f100000, 0x000000008f100000, 0x000000008f200000|  0%| F|  |TAMS 0x000000008f100000, 0x000000008f100000| Untracked 
| 202|0x000000008f200000, 0x000000008f200000, 0x000000008f300000|  0%| F|  |TAMS 0x000000008f200000, 0x000000008f200000| Untracked 

Card table byte_map: [0x000001ce72330000,0x000001ce72720000] _byte_map_base: 0x000001ce71f1c000

Marking Bits (Prev, Next): (CMBitMap*) 0x000001ce67d796a8, (CMBitMap*) 0x000001ce67d79668
 Prev Bits: [0x000001ce74a70000, 0x000001ce769d0000)
 Next Bits: [0x000001ce72b10000, 0x000001ce74a70000)

Polling page: 0x000001ce67e10000

Metaspace:

Usage:
  Non-class:     33.75 MB capacity,    33.33 MB ( 99%) used,   374.37 KB (  1%) free+waste,    58.88 KB ( <1%) overhead. 
      Class:      4.71 MB capacity,     4.46 MB ( 95%) used,   225.69 KB (  5%) free+waste,    24.88 KB ( <1%) overhead. 
       Both:     38.46 MB capacity,    37.79 MB ( 98%) used,   600.05 KB (  2%) free+waste,    83.75 KB ( <1%) overhead. 

Virtual space:
  Non-class space:       34.00 MB reserved,      34.00 MB (100%) committed 
      Class space:        1.00 GB reserved,       4.75 MB ( <1%) committed 
             Both:        1.03 GB reserved,      38.75 MB (  4%) committed 

Chunk freelists:
   Non-Class:  15.63 KB
       Class:  1.25 KB
        Both:  16.88 KB

CodeHeap 'non-profiled nmethods': size=120064Kb used=4924Kb max_used=4924Kb free=115139Kb
 bounds [0x000001ce07ac0000, 0x000001ce07fa0000, 0x000001ce0f000000]
CodeHeap 'profiled nmethods': size=120000Kb used=19528Kb max_used=19528Kb free=100471Kb
 bounds [0x000001ce00590000, 0x000001ce018c0000, 0x000001ce07ac0000]
CodeHeap 'non-nmethods': size=5696Kb used=1226Kb max_used=1293Kb free=4469Kb
 bounds [0x000001ce00000000, 0x000001ce00270000, 0x000001ce00590000]
 total_blobs=11061 nmethods=7262 adapters=475
 compilation: enabled
              stopped_count=0, restarted_count=0
 full_count=0

Compilation events (10 events):
Event: 89.841 Thread 0x000001ce7901b800 8398   !   3       com.github.sommeri.less4j.core.parser.LessLexer::synpred3_Less (105 bytes)
Event: 89.843 Thread 0x000001ce7901b800 nmethod 8398 0x000001ce018b1290 code [0x000001ce018b1560, 0x000001ce018b2300]
Event: 89.843 Thread 0x000001ce7901b800 8399       3       com.github.sommeri.less4j.core.parser.LessLexer::synpred3_Less_fragment (102 bytes)
Event: 89.843 Thread 0x000001ce7901b800 nmethod 8399 0x000001ce018b2810 code [0x000001ce018b2a20, 0x000001ce018b2f70]
Event: 89.845 Thread 0x000001ce7901b800 8400   !   3       com.github.sommeri.less4j.core.parser.LessParser::escapedSelectorOldSyntax (487 bytes)
Event: 89.849 Thread 0x000001ce7901b800 nmethod 8400 0x000001ce018b3110 code [0x000001ce018b3620, 0x000001ce018b7020]
Event: 89.874 Thread 0x000001ce7901b800 8402       3       org.antlr.runtime.CommonTokenStream::LT (82 bytes)
Event: 89.874 Thread 0x000001ce7901b800 nmethod 8402 0x000001ce018b8890 code [0x000001ce018b8aa0, 0x000001ce018b90c0]
Event: 89.875 Thread 0x000001ce7901b800 8403       3       org.antlr.runtime.CommonTokenStream::LB (61 bytes)
Event: 89.875 Thread 0x000001ce7901b800 nmethod 8403 0x000001ce018b9290 code [0x000001ce018b9480, 0x000001ce018b9a00]

GC Heap History (10 events):
Event: 88.710 GC heap after
{Heap after GC invocations=47 (full 0):
 garbage-first heap   total 158720K, used 94439K [0x0000000082800000, 0x0000000100000000)
  region size 1024K, 3 young (3072K), 3 survivors (3072K)
 Metaspace       used 38084K, capacity 38809K, committed 39168K, reserved 1083392K
  class space    used 4569K, capacity 4822K, committed 4864K, reserved 1048576K
}
Event: 88.854 GC heap before
{Heap before GC invocations=47 (full 0):
 garbage-first heap   total 158720K, used 115943K [0x0000000082800000, 0x0000000100000000)
  region size 1024K, 24 young (24576K), 3 survivors (3072K)
 Metaspace       used 38307K, capacity 39001K, committed 39168K, reserved 1083392K
  class space    used 4570K, capacity 4822K, committed 4864K, reserved 1048576K
}
Event: 88.877 GC heap after
{Heap after GC invocations=48 (full 0):
 garbage-first heap   total 207872K, used 96001K [0x0000000082800000, 0x0000000100000000)
  region size 1024K, 2 young (2048K), 2 survivors (2048K)
 Metaspace       used 38307K, capacity 39001K, committed 39168K, reserved 1083392K
  class space    used 4570K, capacity 4822K, committed 4864K, reserved 1048576K
}
Event: 89.379 GC heap before
{Heap before GC invocations=49 (full 0):
 garbage-first heap   total 207872K, used 134913K [0x0000000082800000, 0x0000000100000000)
  region size 1024K, 40 young (40960K), 2 survivors (2048K)
 Metaspace       used 38584K, capacity 39321K, committed 39680K, reserved 1083392K
  class space    used 4570K, capacity 4822K, committed 4864K, reserved 1048576K
}
Event: 89.388 GC heap after
{Heap after GC invocations=50 (full 0):
 garbage-first heap   total 207872K, used 100273K [0x0000000082800000, 0x0000000100000000)
  region size 1024K, 5 young (5120K), 5 survivors (5120K)
 Metaspace       used 38584K, capacity 39321K, committed 39680K, reserved 1083392K
  class space    used 4570K, capacity 4822K, committed 4864K, reserved 1048576K
}
Event: 89.523 GC heap before
{Heap before GC invocations=50 (full 0):
 garbage-first heap   total 207872K, used 141233K [0x0000000082800000, 0x0000000100000000)
  region size 1024K, 45 young (46080K), 5 survivors (5120K)
 Metaspace       used 38650K, capacity 39385K, committed 39680K, reserved 1083392K
  class space    used 4570K, capacity 4822K, committed 4864K, reserved 1048576K
}
Event: 89.535 GC heap after
{Heap after GC invocations=51 (full 0):
 garbage-first heap   total 207872K, used 104356K [0x0000000082800000, 0x0000000100000000)
  region size 1024K, 4 young (4096K), 4 survivors (4096K)
 Metaspace       used 38650K, capacity 39385K, committed 39680K, reserved 1083392K
  class space    used 4570K, capacity 4822K, committed 4864K, reserved 1048576K
}
Event: 89.772 GC heap before
{Heap before GC invocations=52 (full 0):
 garbage-first heap   total 207872K, used 146340K [0x0000000082800000, 0x0000000100000000)
  region size 1024K, 45 young (46080K), 4 survivors (4096K)
 Metaspace       used 38695K, capacity 39385K, committed 39680K, reserved 1083392K
  class space    used 4570K, capacity 4822K, committed 4864K, reserved 1048576K
}
Event: 89.778 GC heap after
{Heap after GC invocations=53 (full 0):
 garbage-first heap   total 207872K, used 106613K [0x0000000082800000, 0x0000000100000000)
  region size 1024K, 3 young (3072K), 3 survivors (3072K)
 Metaspace       used 38695K, capacity 39385K, committed 39680K, reserved 1083392K
  class space    used 4570K, capacity 4822K, committed 4864K, reserved 1048576K
}
Event: 89.881 GC heap before
{Heap before GC invocations=53 (full 0):
 garbage-first heap   total 207872K, used 150645K [0x0000000082800000, 0x0000000100000000)
  region size 1024K, 46 young (47104K), 3 survivors (3072K)
 Metaspace       used 38701K, capacity 39385K, committed 39680K, reserved 1083392K
  class space    used 4571K, capacity 4822K, committed 4864K, reserved 1048576K
}

Deoptimization events (10 events):
Event: 87.796 Thread 0x000001ce67d3b800 Uncommon trap: reason=unstable_if action=reinterpret pc=0x000001ce07be496c method=java.util.regex.Pattern$Caret.match(Ljava/util/regex/Matcher;ILjava/lang/CharSequence;)Z @ 69 c2
Event: 88.039 Thread 0x000001ce67d3b800 Uncommon trap: reason=unstable_if action=reinterpret pc=0x000001ce07f0a0a0 method=sun.net.www.ParseUtil.firstEncodeIndex(Ljava/lang/String;)I @ 51 c2
Event: 88.040 Thread 0x000001ce67d3b800 Uncommon trap: reason=unstable_if action=reinterpret pc=0x000001ce07eed588 method=sun.net.www.ParseUtil.firstEncodeIndex(Ljava/lang/String;)I @ 51 c2
Event: 88.043 Thread 0x000001ce67d3b800 Uncommon trap: reason=unstable_if action=reinterpret pc=0x000001ce07b0061c method=sun.net.www.ParseUtil.firstEncodeIndex(Ljava/lang/String;)I @ 51 c2
Event: 88.769 Thread 0x000001ce67d3b800 Uncommon trap: reason=profile_predicate action=maybe_recompile pc=0x000001ce07f31d94 method=sun.net.www.ParseUtil.firstEncodeIndex(Ljava/lang/String;)I @ 9 c2
Event: 88.770 Thread 0x000001ce67d3b800 Uncommon trap: reason=profile_predicate action=maybe_recompile pc=0x000001ce07f31d94 method=sun.net.www.ParseUtil.firstEncodeIndex(Ljava/lang/String;)I @ 9 c2
Event: 89.414 Thread 0x000001ce67d3b800 Uncommon trap: reason=profile_predicate action=maybe_recompile pc=0x000001ce07f31d94 method=sun.net.www.ParseUtil.firstEncodeIndex(Ljava/lang/String;)I @ 9 c2
Event: 89.843 Thread 0x000001ce67d3b800 Uncommon trap: reason=profile_predicate action=maybe_recompile pc=0x000001ce07f31d94 method=sun.net.www.ParseUtil.firstEncodeIndex(Ljava/lang/String;)I @ 9 c2
Event: 89.873 Thread 0x000001ce67d3b800 Uncommon trap: reason=unstable_if action=reinterpret pc=0x000001ce07f70cfc method=org.antlr.runtime.CommonTokenStream.skipOffTokenChannelsReverse(I)I @ 26 c2
Event: 89.874 Thread 0x000001ce67d3b800 Uncommon trap: reason=unstable_if action=reinterpret pc=0x000001ce07f38868 method=org.antlr.runtime.CommonTokenStream.skipOffTokenChannelsReverse(I)I @ 26 c2

Classes redefined (0 events):
No events

Internal exceptions (10 events):
Event: 68.791 Thread 0x000001ce67d3b800 Exception <a 'java/lang/NullPointerException'{0x0000000085d2f5c0}> (0x0000000085d2f5c0) thrown at [t:/workspace/open/src/hotspot/share/runtime/sharedRuntime.cpp, line 585]
Event: 68.802 Thread 0x000001ce7a229800 Exception <a 'java/net/SocketTimeoutException'{0x0000000085d7ad38}: Read timed out> (0x0000000085d7ad38) thrown at [t:/workspace/open/src/hotspot/share/prims/jni.cpp, line 636]
Event: 68.810 Thread 0x000001ce7c5a4800 Exception <a 'java/net/SocketTimeoutException'{0x0000000085c06550}: Read timed out> (0x0000000085c06550) thrown at [t:/workspace/open/src/hotspot/share/prims/jni.cpp, line 636]
Event: 68.823 Thread 0x000001ce7a1ff000 Exception <a 'java/net/SocketTimeoutException'{0x0000000085c40b78}: Read timed out> (0x0000000085c40b78) thrown at [t:/workspace/open/src/hotspot/share/prims/jni.cpp, line 636]
Event: 68.841 Thread 0x000001ce7a26d000 Exception <a 'java/net/SocketTimeoutException'{0x0000000085df1518}: Read timed out> (0x0000000085df1518) thrown at [t:/workspace/open/src/hotspot/share/prims/jni.cpp, line 636]
Event: 79.214 Thread 0x000001ce67d3b800 Exception <a 'sun/nio/fs/WindowsException'{0x00000000869b45b8}> (0x00000000869b45b8) thrown at [t:/workspace/open/src/hotspot/share/prims/jni.cpp, line 615]
Event: 79.303 Thread 0x000001ce67d3b800 Exception <a 'sun/nio/fs/WindowsException'{0x000000008656fb00}> (0x000000008656fb00) thrown at [t:/workspace/open/src/hotspot/share/prims/jni.cpp, line 615]
Event: 79.336 Thread 0x000001ce67d3b800 Exception <a 'sun/nio/fs/WindowsException'{0x0000000086285560}> (0x0000000086285560) thrown at [t:/workspace/open/src/hotspot/share/prims/jni.cpp, line 615]
Event: 86.634 Thread 0x000001ce67d3b800 Exception <a 'java/lang/ClassNotFoundException'{0x000000008a599048}: com/sun/org/apache/xerces/internal/impl/xpath/regex/spi/messageProvider> (0x000000008a599048) thrown at [t:/workspace/open/src/hotspot/share/classfile/systemDictionary.cpp, line 235]
Event: 87.365 Thread 0x000001ce67d3b800 Implicit null exception at 0x000001ce07ee54a7 to 0x000001ce07ee4af2

Events (10 events):
Event: 89.843 Thread 0x000001ce67d3b800 DEOPT UNPACKING pc=0x000001ce00029baf sp=0x00000059f1ff9c38 mode 2
Event: 89.873 Thread 0x000001ce67d3b800 Uncommon trap: trap_request=0xffffff4d fr.pc=0x000001ce07f70cfc relative=0x000000000000295c
Event: 89.873 Thread 0x000001ce67d3b800 DEOPT PACKING pc=0x000001ce07f70cfc sp=0x00000059f1ffa0d0
Event: 89.873 Thread 0x000001ce67d3b800 DEOPT UNPACKING pc=0x000001ce00029baf sp=0x00000059f1ffa028 mode 2
Event: 89.874 Thread 0x000001ce67d3b800 Uncommon trap: trap_request=0xffffff4d fr.pc=0x000001ce07f38868 relative=0x0000000000000288
Event: 89.874 Thread 0x000001ce67d3b800 DEOPT PACKING pc=0x000001ce07f38868 sp=0x00000059f1ffa460
Event: 89.874 Thread 0x000001ce67d3b800 DEOPT UNPACKING pc=0x000001ce00029baf sp=0x00000059f1ffa3a0 mode 2
Event: 89.875 Executing VM operation: ICBufferFull
Event: 89.875 Executing VM operation: ICBufferFull done
Event: 89.881 Executing VM operation: G1CollectForAllocation


Dynamic libraries:
0x00007ff60dd40000 - 0x00007ff60dd4f000 	C:\Program Files\Java\jdk-12\bin\java.exe
0x00007ffcf54b0000 - 0x00007ffcf569d000 	C:\WINDOWS\SYSTEM32\ntdll.dll
0x00007ffcf5250000 - 0x00007ffcf5303000 	C:\WINDOWS\System32\KERNEL32.DLL
0x00007ffcf19b0000 - 0x00007ffcf1c43000 	C:\WINDOWS\System32\KERNELBASE.dll
0x00007ffcf15e0000 - 0x00007ffcf16da000 	C:\WINDOWS\System32\ucrtbase.dll
0x00007ffcdaf10000 - 0x00007ffcdaf28000 	C:\Program Files\Java\jdk-12\bin\jli.dll
0x00007ffcda9a0000 - 0x00007ffcda9b6000 	C:\Program Files\Java\jdk-12\bin\VCRUNTIME140.dll
0x00007ffcf2700000 - 0x00007ffcf27a3000 	C:\WINDOWS\System32\ADVAPI32.dll
0x00007ffcf3130000 - 0x00007ffcf31ce000 	C:\WINDOWS\System32\msvcrt.dll
0x00007ffcf2bd0000 - 0x00007ffcf2c6e000 	C:\WINDOWS\System32\sechost.dll
0x00007ffcf3750000 - 0x00007ffcf3872000 	C:\WINDOWS\System32\RPCRT4.dll
0x00007ffcf3b90000 - 0x00007ffcf3d27000 	C:\WINDOWS\System32\USER32.dll
0x00007ffce4810000 - 0x00007ffce4a89000 	C:\WINDOWS\WinSxS\amd64_microsoft.windows.common-controls_6595b64144ccf1df_6.0.17763.379_none_05b83be8071c94a1\COMCTL32.dll
0x00007ffcf1cf0000 - 0x00007ffcf1d10000 	C:\WINDOWS\System32\win32u.dll
0x00007ffcf3d30000 - 0x00007ffcf3d59000 	C:\WINDOWS\System32\GDI32.dll
0x00007ffcf2840000 - 0x00007ffcf2b6d000 	C:\WINDOWS\System32\combase.dll
0x00007ffcf1790000 - 0x00007ffcf192a000 	C:\WINDOWS\System32\gdi32full.dll
0x00007ffcf1930000 - 0x00007ffcf19ae000 	C:\WINDOWS\System32\bcryptPrimitives.dll
0x00007ffcf1c50000 - 0x00007ffcf1cf0000 	C:\WINDOWS\System32\msvcp_win.dll
0x00007ffcee650000 - 0x00007ffcee65a000 	C:\WINDOWS\SYSTEM32\VERSION.dll
0x00007ffcf2810000 - 0x00007ffcf283e000 	C:\WINDOWS\System32\IMM32.DLL
0x00007ffccf940000 - 0x00007ffccf9ea000 	C:\Program Files\Java\jdk-12\bin\msvcp140.dll
0x00007ffc803f0000 - 0x00007ffc80f64000 	C:\Program Files\Java\jdk-12\bin\server\jvm.dll
0x00007ffcf32c0000 - 0x00007ffcf32c8000 	C:\WINDOWS\System32\PSAPI.DLL
0x00007ffce7ee0000 - 0x00007ffce7f04000 	C:\WINDOWS\SYSTEM32\WINMM.dll
0x00007ffcd7e30000 - 0x00007ffcd7e39000 	C:\WINDOWS\SYSTEM32\WSOCK32.dll
0x00007ffcf3250000 - 0x00007ffcf32bd000 	C:\WINDOWS\System32\WS2_32.dll
0x00007ffce7eb0000 - 0x00007ffce7edd000 	C:\WINDOWS\SYSTEM32\WINMMBASE.dll
0x00007ffcf1d30000 - 0x00007ffcf1d7a000 	C:\WINDOWS\System32\cfgmgr32.dll
0x00007ffcf14b0000 - 0x00007ffcf14c1000 	C:\WINDOWS\System32\kernel.appcore.dll
0x00007ffcd8d70000 - 0x00007ffcd8d81000 	C:\Program Files\Java\jdk-12\bin\verify.dll
0x00007ffcf0ff0000 - 0x00007ffcf11dd000 	C:\WINDOWS\SYSTEM32\DBGHELP.DLL
0x00007ffcf0f00000 - 0x00007ffcf0f2a000 	C:\WINDOWS\SYSTEM32\dbgcore.DLL
0x00007ffcd8d40000 - 0x00007ffcd8d66000 	C:\Program Files\Java\jdk-12\bin\java.dll
0x00007ffcd8c50000 - 0x00007ffcd8c67000 	C:\Program Files\Java\jdk-12\bin\zip.dll
0x00007ffceae80000 - 0x00007ffceae8a000 	C:\Program Files\Java\jdk-12\bin\jimage.dll
0x00007ffcf3d60000 - 0x00007ffcf5250000 	C:\WINDOWS\System32\SHELL32.dll
0x00007ffcf3080000 - 0x00007ffcf3128000 	C:\WINDOWS\System32\shcore.dll
0x00007ffcf1d80000 - 0x00007ffcf24ca000 	C:\WINDOWS\System32\windows.storage.dll
0x00007ffcf1530000 - 0x00007ffcf1554000 	C:\WINDOWS\System32\profapi.dll
0x00007ffcf14d0000 - 0x00007ffcf152d000 	C:\WINDOWS\System32\powrprof.dll
0x00007ffcf2d70000 - 0x00007ffcf2dc2000 	C:\WINDOWS\System32\shlwapi.dll
0x00007ffcf1d10000 - 0x00007ffcf1d27000 	C:\WINDOWS\System32\cryptsp.dll
0x00007ffcd8c10000 - 0x00007ffcd8c29000 	C:\Program Files\Java\jdk-12\bin\net.dll
0x00007ffce7cd0000 - 0x00007ffce7ea6000 	C:\WINDOWS\SYSTEM32\urlmon.dll
0x00007ffcee750000 - 0x00007ffcee841000 	C:\WINDOWS\SYSTEM32\WINHTTP.dll
0x00007ffce7a20000 - 0x00007ffce7cc8000 	C:\WINDOWS\SYSTEM32\iertutil.dll
0x00007ffcf0a80000 - 0x00007ffcf0a8c000 	C:\WINDOWS\SYSTEM32\CRYPTBASE.DLL
0x00007ffcf0900000 - 0x00007ffcf0967000 	C:\WINDOWS\system32\mswsock.dll
0x00007ffcd7080000 - 0x00007ffcd7093000 	C:\Program Files\Java\jdk-12\bin\nio.dll
0x00007ffcecab0000 - 0x00007ffcecaba000 	C:\apache-maven-3.6.0\lib\jansi-native\windows64\jansi.dll
0x00007ffceada0000 - 0x00007ffceadc7000 	C:\Program Files\Java\jdk-12\bin\sunec.dll
0x00007ffcf0270000 - 0x00007ffcf02a3000 	C:\WINDOWS\system32\rsaenh.dll
0x00007ffcf24d0000 - 0x00007ffcf24f6000 	C:\WINDOWS\System32\bcrypt.dll
0x00007ffcf13b0000 - 0x00007ffcf13d8000 	C:\WINDOWS\SYSTEM32\USERENV.dll
0x00007ffcf0670000 - 0x00007ffcf06ad000 	C:\WINDOWS\SYSTEM32\IPHLPAPI.DLL
0x00007ffcf31d0000 - 0x00007ffcf31d8000 	C:\WINDOWS\System32\NSI.dll
0x00007ffce8ff0000 - 0x00007ffce9006000 	C:\WINDOWS\SYSTEM32\dhcpcsvc6.DLL
0x00007ffce8fd0000 - 0x00007ffce8fec000 	C:\WINDOWS\SYSTEM32\dhcpcsvc.DLL
0x00007ffcf06b0000 - 0x00007ffcf0776000 	C:\WINDOWS\SYSTEM32\DNSAPI.dll
0x00007ffce6c70000 - 0x00007ffce6c7a000 	C:\Windows\System32\rasadhlp.dll
0x00007ffce8520000 - 0x00007ffce8599000 	C:\WINDOWS\System32\fwpuclnt.dll
0x00007ffceaa70000 - 0x00007ffceaa7e000 	C:\Program Files\Java\jdk-12\bin\sunmscapi.dll
0x00007ffcf2500000 - 0x00007ffcf26db000 	C:\WINDOWS\System32\CRYPT32.dll
0x00007ffcf1560000 - 0x00007ffcf1572000 	C:\WINDOWS\System32\MSASN1.dll
0x00007ffcf0c20000 - 0x00007ffcf0c46000 	C:\WINDOWS\SYSTEM32\ncrypt.dll
0x00007ffcf0be0000 - 0x00007ffcf0c1c000 	C:\WINDOWS\SYSTEM32\NTASN1.dll

dbghelp: loaded successfully - version: 4.0.5 - missing functions: none
symbol engine: initialized successfully - sym options: 0x614 - pdb path: .;C:\Program Files\Java\jdk-12\bin;C:\WINDOWS\SYSTEM32;C:\WINDOWS\WinSxS\amd64_microsoft.windows.common-controls_6595b64144ccf1df_6.0.17763.379_none_05b83be8071c94a1;C:\Program Files\Java\jdk-12\bin\server;C:\apache-maven-3.6.0\lib\jansi-native\windows64

VM Arguments:
jvm_args: -Dclassworlds.conf=C:\apache-maven-3.6.0\bin\..\bin\m2.conf -Dmaven.home=C:\apache-maven-3.6.0\bin\.. -Dlibrary.jansi.path=C:\apache-maven-3.6.0\bin\..\lib\jansi-native -Dmaven.multiModuleProjectDirectory=C:\Users\FaithJeanLacao\Documents\spring-petclinic-master 
java_command: org.codehaus.plexus.classworlds.launcher.Launcher spring-boot:run
java_class_path (initial): C:\apache-maven-3.6.0\bin\..\boot\plexus-classworlds-2.5.2.jar
Launcher Type: SUN_STANDARD

[Global flags]
     intx CICompilerCount                          = 3                                         {product} {ergonomic}
     uint ConcGCThreads                            = 1                                         {product} {ergonomic}
     uint G1ConcRefinementThreads                  = 4                                         {product} {ergonomic}
   size_t G1HeapRegionSize                         = 1048576                                   {product} {ergonomic}
    uintx GCDrainStackTargetSize                   = 64                                        {product} {ergonomic}
   size_t InitialHeapSize                          = 132120576                                 {product} {ergonomic}
   size_t MarkStackSize                            = 4194304                                   {product} {ergonomic}
   size_t MaxHeapSize                              = 2105540608                                {product} {ergonomic}
   size_t MaxNewSize                               = 1262485504                                {product} {ergonomic}
   size_t MinHeapDeltaBytes                        = 1048576                                   {product} {ergonomic}
    uintx NonNMethodCodeHeapSize                   = 5830732                                {pd product} {ergonomic}
    uintx NonProfiledCodeHeapSize                  = 122913754                              {pd product} {ergonomic}
    uintx ProfiledCodeHeapSize                     = 122913754                              {pd product} {ergonomic}
    uintx ReservedCodeCacheSize                    = 251658240                              {pd product} {ergonomic}
     bool SegmentedCodeCache                       = true                                      {product} {ergonomic}
     bool UseCompressedClassPointers               = true                                 {lp64_product} {ergonomic}
     bool UseCompressedOops                        = true                                 {lp64_product} {ergonomic}
     bool UseG1GC                                  = true                                      {product} {ergonomic}
     bool UseLargePagesIndividualAllocation        = false                                  {pd product} {ergonomic}

Logging:
Log output configuration:
 #0: stdout all=warning uptime,level,tags
 #1: stderr all=off uptime,level,tags

Environment Variables:
JAVA_HOME=C:\Program Files\Java\jdk-12
CLASSPATH=C:\Program Files\sqljdbc_7.2\enu\mssql-jdbc-7.2.1.jre8.jar
PATH=C:\Program Files\Java\jdk-12\bin\bin;C:\Program Files (x86)\Java\jdk1.8.0_201\bin;C:\Program Files (x86)\IBM\Java80\jre;C:\Program Files (x86)\Common Files\Oracle\Java\javapath;C:\ProgramData\Oracle\Java\javapath;C:\WINDOWS\system32;C:\WINDOWS;C:\WINDOWS\System32\Wbem;C:\WINDOWS\System32\WindowsPowerShell\v1.0\;C:\Program Files (x86)\IBM\Personal Communications\;C:\Program Files (x86)\IBM\Trace Facility\;C:\WINDOWS\System32\OpenSSH\;C:\Program Files (x86)\Webex\Webex\Applications;C:\Program Files\Git\cmd;C:\HashiCorp\Vagrant\bin;C:\Program Files\Java\jdk-12\bin;C:\Program Files\Java\jdk-12\bin;C:\apache-maven-3.6.0\bin;C:\Users\FaithJeanLacao\AppData\Local\Microsoft\WindowsApps;C:\Users\FaithJeanLacao\AppData\Local\Box\Box Edit\;C:\sonarqube-7.6\bin\windows-x86-64\bin;
USERNAME=FaithJeanLacao
OS=Windows_NT
PROCESSOR_IDENTIFIER=Intel64 Family 6 Model 142 Stepping 9, GenuineIntel



---------------  S Y S T E M  ---------------

OS: Windows 10 , 64 bit Build 17763 (10.0.17763.379)

CPU:total 4 (initial active 4) (2 cores per cpu, 2 threads per core) family 6 model 142 stepping 9, cmov, cx8, fxsr, mmx, sse, sse2, sse3, ssse3, sse4.1, sse4.2, popcnt, avx, avx2, aes, clmul, erms, rtm, 3dnowpref, lzcnt, ht, tsc, tscinvbit, bmi1, bmi2, adx, fma

Memory: 4k page, system-wide physical 8030M (505M free)
TotalPageFile size 32606M (AvailPageFile size 111M)
current process WorkingSet (physical memory assigned to process): 374M, peak: 377M
current process commit charge ("private bytes"): 428M, peak: 631M

vm_info: Java HotSpot(TM) 64-Bit Server VM (12+33) for windows-amd64 JRE (12+33), built on Feb 21 2019 02:31:50 by "mach5one" with MS VC++ 15.5 (VS2017)

END.
